<?xml version="1.0" encoding="UTF-8"?>
<coverage generated="1772906622746" clover="3.2.0">
  <project timestamp="1772906622746" name="All files">
    <metrics statements="12" coveredstatements="12" conditionals="0" coveredconditionals="0" methods="20" coveredmethods="20" elements="32" coveredelements="32" complexity="0" loc="12" ncloc="12" packages="1" files="6" classes="6"/>
    <file name="BasicGalacticCollection.ts" path="/home/usuario/DSI/prct06-generics-solid-alu0101646299/src/ejercicio-1/BasicGalacticCollection.ts">
      <metrics statements="5" coveredstatements="5" conditionals="0" coveredconditionals="0" methods="6" coveredmethods="6"/>
      <line num="5" count="10" type="stmt"/>
      <line num="7" count="30" type="stmt"/>
      <line num="8" count="3" type="stmt"/>
      <line num="9" count="2" type="stmt"/>
      <line num="11" count="3" type="stmt"/>
    </file>
    <file name="BasicInterfaces.ts" path="/home/usuario/DSI/prct06-generics-solid-alu0101646299/src/ejercicio-1/BasicInterfaces.ts">
      <metrics statements="0" coveredstatements="0" conditionals="0" coveredconditionals="0" methods="0" coveredmethods="0"/>
    </file>
    <file name="GalacticRegistry.ts" path="/home/usuario/DSI/prct06-generics-solid-alu0101646299/src/ejercicio-1/GalacticRegistry.ts">
      <metrics statements="0" coveredstatements="0" conditionals="0" coveredconditionals="0" methods="0" coveredmethods="0"/>
    </file>
    <file name="HolocronCollection.ts" path="/home/usuario/DSI/prct06-generics-solid-alu0101646299/src/ejercicio-1/HolocronCollection.ts">
      <metrics statements="2" coveredstatements="2" conditionals="0" coveredconditionals="0" methods="4" coveredmethods="4"/>
      <line num="8" count="3" type="stmt"/>
      <line num="9" count="3" type="stmt"/>
    </file>
    <file name="JediMasterCollection.ts" path="/home/usuario/DSI/prct06-generics-solid-alu0101646299/src/ejercicio-1/JediMasterCollection.ts">
      <metrics statements="3" coveredstatements="3" conditionals="0" coveredconditionals="0" methods="6" coveredmethods="6"/>
      <line num="8" count="3" type="stmt"/>
      <line num="9" count="3" type="stmt"/>
      <line num="10" count="3" type="stmt"/>
    </file>
    <file name="StarshipCollection.ts" path="/home/usuario/DSI/prct06-generics-solid-alu0101646299/src/ejercicio-1/StarshipCollection.ts">
      <metrics statements="2" coveredstatements="2" conditionals="0" coveredconditionals="0" methods="4" coveredmethods="4"/>
      <line num="8" count="3" type="stmt"/>
      <line num="9" count="3" type="stmt"/>
    </file>
  </project>
</coverage>
