{"/home/usuario/DSI/prct06-generics-solid-alu0101646299/src/ejercicio-1/BasicGalacticCollection.ts": {"path":"/home/usuario/DSI/prct06-generics-solid-alu0101646299/src/ejercicio-1/BasicGalacticCollection.ts","statementMap":{"0":{"start":{"line":5,"column":28},"end":{"line":5,"column":null}},"1":{"start":{"line":7,"column":23},"end":{"line":7,"column":49}},"2":{"start":{"line":8,"column":26},"end":{"line":8,"column":93}},"3":{"start":{"line":8,"column":74},"end":{"line":8,"column":90}},"4":{"start":{"line":9,"column":18},"end":{"line":9,"column":40}},"5":{"start":{"line":11,"column":34},"end":{"line":11,"column":91}},"6":{"start":{"line":11,"column":70},"end":{"line":11,"column":88}}},"fnMap":{"0":{"name":"(anonymous_0)","decl":{"start":{"line":7,"column":2},"end":{"line":7,"column":6}},"loc":{"start":{"line":7,"column":21},"end":{"line":7,"column":null}},"line":7},"1":{"name":"(anonymous_1)","decl":{"start":{"line":8,"column":2},"end":{"line":8,"column":9}},"loc":{"start":{"line":8,"column":24},"end":{"line":8,"column":null}},"line":8},"2":{"name":"(anonymous_2)","decl":{"start":{"line":8,"column":63},"end":{"line":8,"column":74}},"loc":{"start":{"line":8,"column":74},"end":{"line":8,"column":90}},"line":8},"3":{"name":"(anonymous_3)","decl":{"start":{"line":9,"column":2},"end":{"line":9,"column":16}},"loc":{"start":{"line":9,"column":16},"end":{"line":9,"column":null}},"line":9},"4":{"name":"(anonymous_4)","decl":{"start":{"line":11,"column":2},"end":{"line":11,"column":13}},"loc":{"start":{"line":11,"column":32},"end":{"line":11,"column":null}},"line":11},"5":{"name":"(anonymous_5)","decl":{"start":{"line":11,"column":62},"end":{"line":11,"column":70}},"loc":{"start":{"line":11,"column":70},"end":{"line":11,"column":88}},"line":11}},"branchMap":{},"s":{"0":10,"1":30,"2":1,"3":3,"4":2,"5":1,"6":3},"f":{"0":30,"1":1,"2":3,"3":2,"4":1,"5":3},"b":{},"meta":{"lastBranch":0,"lastFunction":6,"lastStatement":7,"seen":{"s:5:28:5:Infinity":0,"f:7:2:7:6":0,"s:7:23:7:49":1,"f:8:2:8:9":1,"s:8:26:8:93":2,"f:8:63:8:74":2,"s:8:74:8:90":3,"f:9:2:9:16":3,"s:9:18:9:40":4,"f:11:2:11:13":4,"s:11:34:11:91":5,"f:11:62:11:70":5,"s:11:70:11:88":6}}}
,"/home/usuario/DSI/prct06-generics-solid-alu0101646299/src/ejercicio-1/BasicInterfaces.ts": {"path":"/home/usuario/DSI/prct06-generics-solid-alu0101646299/src/ejercicio-1/BasicInterfaces.ts","statementMap":{},"fnMap":{},"branchMap":{},"s":{},"f":{},"b":{},"meta":{"lastBranch":0,"lastFunction":0,"lastStatement":0,"seen":{}}}
,"/home/usuario/DSI/prct06-generics-solid-alu0101646299/src/ejercicio-1/GalacticRegistry.ts": {"path":"/home/usuario/DSI/prct06-generics-solid-alu0101646299/src/ejercicio-1/GalacticRegistry.ts","statementMap":{},"fnMap":{},"branchMap":{},"s":{},"f":{},"b":{},"meta":{"lastBranch":0,"lastFunction":0,"lastStatement":0,"seen":{}}}
,"/home/usuario/DSI/prct06-generics-solid-alu0101646299/src/ejercicio-1/HolocronCollection.ts": {"path":"/home/usuario/DSI/prct06-generics-solid-alu0101646299/src/ejercicio-1/HolocronCollection.ts","statementMap":{"0":{"start":{"line":8,"column":51},"end":{"line":8,"column":126}},"1":{"start":{"line":8,"column":91},"end":{"line":8,"column":123}},"2":{"start":{"line":9,"column":41},"end":{"line":9,"column":114}},"3":{"start":{"line":9,"column":81},"end":{"line":9,"column":111}}},"fnMap":{"0":{"name":"(anonymous_0)","decl":{"start":{"line":8,"column":2},"end":{"line":8,"column":21}},"loc":{"start":{"line":8,"column":49},"end":{"line":8,"column":null}},"line":8},"1":{"name":"(anonymous_1)","decl":{"start":{"line":8,"column":79},"end":{"line":8,"column":91}},"loc":{"start":{"line":8,"column":91},"end":{"line":8,"column":123}},"line":8},"2":{"name":"(anonymous_2)","decl":{"start":{"line":9,"column":2},"end":{"line":9,"column":13}},"loc":{"start":{"line":9,"column":39},"end":{"line":9,"column":null}},"line":9},"3":{"name":"(anonymous_3)","decl":{"start":{"line":9,"column":69},"end":{"line":9,"column":81}},"loc":{"start":{"line":9,"column":81},"end":{"line":9,"column":111}},"line":9}},"branchMap":{},"s":{"0":1,"1":3,"2":1,"3":3},"f":{"0":1,"1":3,"2":1,"3":3},"b":{},"meta":{"lastBranch":0,"lastFunction":4,"lastStatement":4,"seen":{"f:8:2:8:21":0,"s:8:51:8:126":0,"f:8:79:8:91":1,"s:8:91:8:123":1,"f:9:2:9:13":2,"s:9:41:9:114":2,"f:9:69:9:81":3,"s:9:81:9:111":3}}}
,"/home/usuario/DSI/prct06-generics-solid-alu0101646299/src/ejercicio-1/JediMasterCollection.ts": {"path":"/home/usuario/DSI/prct06-generics-solid-alu0101646299/src/ejercicio-1/JediMasterCollection.ts","statementMap":{"0":{"start":{"line":8,"column":57},"end":{"line":8,"column":128}},"1":{"start":{"line":8,"column":93},"end":{"line":8,"column":125}},"2":{"start":{"line":9,"column":45},"end":{"line":9,"column":104}},"3":{"start":{"line":9,"column":81},"end":{"line":9,"column":101}},"4":{"start":{"line":10,"column":53},"end":{"line":10,"column":120}},"5":{"start":{"line":10,"column":89},"end":{"line":10,"column":117}}},"fnMap":{"0":{"name":"(anonymous_0)","decl":{"start":{"line":8,"column":2},"end":{"line":8,"column":20}},"loc":{"start":{"line":8,"column":55},"end":{"line":8,"column":null}},"line":8},"1":{"name":"(anonymous_1)","decl":{"start":{"line":8,"column":85},"end":{"line":8,"column":93}},"loc":{"start":{"line":8,"column":93},"end":{"line":8,"column":125}},"line":8},"2":{"name":"(anonymous_2)","decl":{"start":{"line":9,"column":2},"end":{"line":9,"column":14}},"loc":{"start":{"line":9,"column":43},"end":{"line":9,"column":null}},"line":9},"3":{"name":"(anonymous_3)","decl":{"start":{"line":9,"column":73},"end":{"line":9,"column":81}},"loc":{"start":{"line":9,"column":81},"end":{"line":9,"column":101}},"line":9},"4":{"name":"(anonymous_4)","decl":{"start":{"line":10,"column":2},"end":{"line":10,"column":21}},"loc":{"start":{"line":10,"column":51},"end":{"line":10,"column":null}},"line":10},"5":{"name":"(anonymous_5)","decl":{"start":{"line":10,"column":81},"end":{"line":10,"column":89}},"loc":{"start":{"line":10,"column":89},"end":{"line":10,"column":117}},"line":10}},"branchMap":{},"s":{"0":1,"1":3,"2":1,"3":3,"4":1,"5":3},"f":{"0":1,"1":3,"2":1,"3":3,"4":1,"5":3},"b":{},"meta":{"lastBranch":0,"lastFunction":6,"lastStatement":6,"seen":{"f:8:2:8:20":0,"s:8:57:8:128":0,"f:8:85:8:93":1,"s:8:93:8:125":1,"f:9:2:9:14":2,"s:9:45:9:104":2,"f:9:73:9:81":3,"s:9:81:9:101":3,"f:10:2:10:21":4,"s:10:53:10:120":4,"f:10:81:10:89":5,"s:10:89:10:117":5}}}
,"/home/usuario/DSI/prct06-generics-solid-alu0101646299/src/ejercicio-1/StarshipCollection.ts": {"path":"/home/usuario/DSI/prct06-generics-solid-alu0101646299/src/ejercicio-1/StarshipCollection.ts","statementMap":{"0":{"start":{"line":8,"column":47},"end":{"line":8,"column":114}},"1":{"start":{"line":8,"column":83},"end":{"line":8,"column":111}},"2":{"start":{"line":9,"column":41},"end":{"line":9,"column":103}},"3":{"start":{"line":9,"column":77},"end":{"line":9,"column":100}}},"fnMap":{"0":{"name":"(anonymous_0)","decl":{"start":{"line":8,"column":2},"end":{"line":8,"column":14}},"loc":{"start":{"line":8,"column":45},"end":{"line":8,"column":null}},"line":8},"1":{"name":"(anonymous_1)","decl":{"start":{"line":8,"column":75},"end":{"line":8,"column":83}},"loc":{"start":{"line":8,"column":83},"end":{"line":8,"column":111}},"line":8},"2":{"name":"(anonymous_2)","decl":{"start":{"line":9,"column":2},"end":{"line":9,"column":13}},"loc":{"start":{"line":9,"column":39},"end":{"line":9,"column":null}},"line":9},"3":{"name":"(anonymous_3)","decl":{"start":{"line":9,"column":69},"end":{"line":9,"column":77}},"loc":{"start":{"line":9,"column":77},"end":{"line":9,"column":100}},"line":9}},"branchMap":{},"s":{"0":1,"1":3,"2":1,"3":3},"f":{"0":1,"1":3,"2":1,"3":3},"b":{},"meta":{"lastBranch":0,"lastFunction":4,"lastStatement":4,"seen":{"f:8:2:8:14":0,"s:8:47:8:114":0,"f:8:75:8:83":1,"s:8:83:8:111":1,"f:9:2:9:13":2,"s:9:41:9:103":2,"f:9:69:9:77":3,"s:9:77:9:100":3}}}
}
